Determining if the pthread_create exist failed with the following output:
Change Dir: /home/johannes/dev/BaboCam/cmake-build-debug/CMakeFiles/CMakeTmp

Run Build Command:"/usr/bin/make" "cmTC_7a6a6/fast"
/usr/bin/make -f CMakeFiles/cmTC_7a6a6.dir/build.make CMakeFiles/cmTC_7a6a6.dir/build
make[1]: Verzeichnis „/home/johannes/dev/BaboCam/cmake-build-debug/CMakeFiles/CMakeTmp“ wird betreten
Building C object CMakeFiles/cmTC_7a6a6.dir/CheckSymbolExists.c.o
/usr/bin/cc    -o CMakeFiles/cmTC_7a6a6.dir/CheckSymbolExists.c.o   -c /home/johannes/dev/BaboCam/cmake-build-debug/CMakeFiles/CMakeTmp/CheckSymbolExists.c
Linking C executable cmTC_7a6a6
/home/johannes/Schreibtisch/clion-2018.3.4/bin/cmake/linux/bin/cmake -E cmake_link_script CMakeFiles/cmTC_7a6a6.dir/link.txt --verbose=1
/usr/bin/cc      -rdynamic CMakeFiles/cmTC_7a6a6.dir/CheckSymbolExists.c.o  -o cmTC_7a6a6 
CMakeFiles/cmTC_7a6a6.dir/CheckSymbolExists.c.o: In Funktion »main«:
CheckSymbolExists.c:(.text+0x1b): Warnung: undefinierter Verweis auf »pthread_create«
collect2: error: ld returned 1 exit status
CMakeFiles/cmTC_7a6a6.dir/build.make:86: recipe for target 'cmTC_7a6a6' failed
make[1]: *** [cmTC_7a6a6] Error 1
make[1]: Verzeichnis „/home/johannes/dev/BaboCam/cmake-build-debug/CMakeFiles/CMakeTmp“ wird verlassen
Makefile:121: recipe for target 'cmTC_7a6a6/fast' failed
make: *** [cmTC_7a6a6/fast] Error 2

File /home/johannes/dev/BaboCam/cmake-build-debug/CMakeFiles/CMakeTmp/CheckSymbolExists.c:
/* */
#include <pthread.h>

int main(int argc, char** argv)
{
  (void)argv;
#ifndef pthread_create
  return ((int*)(&pthread_create))[argc];
#else
  (void)argc;
  return 0;
#endif
}

